proguardVersioning/Archive/Build 18 version 0.9.5.2/aapt_rules.txt
# view AndroidManifest.xml #generated:17
-keep class com.packruler.musicaldaydream.release.ListenerService { <init>(...); }

# view AndroidManifest.xml #generated:7
-keep class com.packruler.musicaldaydream.release.MusicalDaydreamService { <init>(...); }

# view AndroidManifest.xml #generated:25
-keep class com.packruler.musicaldaydream.release.MusicalDaydreamSettings { <init>(...); }

# view res/layout/initial_setup.xml #generated:98
-keep class com.packruler.musicaldaydream.release.SettingsFragment { <init>(...); }

# view AndroidManifest.xml #generated:33
-keep class com.packruler.musicaldaydream.release.StartDreaming { <init>(...); }

# onClick res/layout/initial_setup.xml #generated:81
-keepclassmembers class * { *** launchDaydreamSettings(...); }

# onClick res/layout/initial_setup.xml #generated:41
-keepclassmembers class * { *** launchSecuritySettings(...); }

# onClick res/layout/authorization_activity.xml #generated:37
-keepclassmembers class * { *** linkToMarket(...); }

# onClick res/layout/musical_daydream.xml #generated:226
-keepclassmembers class * { *** playPause(...); }

# onClick res/layout/musical_daydream.xml #generated:203
-keepclassmembers class * { *** skipBack(...); }

# onClick res/layout/musical_daydream.xml #generated:241
-keepclassmembers class * { *** skipForward(...); }