proguardVersioning/Archive/Build 77 version 1.7 alpha #2/seeds.txt
android.support.v7.appcompat.R$integer: int abc_max_action_buttons
android.support.v7.appcompat.R$layout: int abc_action_bar_title_item
android.support.v7.appcompat.R$layout: int abc_action_bar_up_container
android.support.v7.appcompat.R$layout: int abc_action_bar_view_list_nav_layout
android.support.v7.appcompat.R$layout: int abc_action_menu_item_layout
android.support.v7.appcompat.R$layout: int abc_action_menu_layout
android.support.v7.appcompat.R$layout: int abc_action_mode_bar
android.support.v7.appcompat.R$layout: int abc_action_mode_close_item_material
android.support.v7.appcompat.R$layout: int abc_activity_chooser_view
android.support.v7.appcompat.R$layout: int abc_activity_chooser_view_include
android.support.v7.appcompat.R$layout: int abc_activity_chooser_view_list_item
android.support.v7.appcompat.R$layout: int abc_expanded_menu_layout
android.support.v7.appcompat.R$layout: int abc_list_menu_item_checkbox
android.support.v7.appcompat.R$layout: int abc_list_menu_item_icon
android.support.v7.appcompat.R$layout: int abc_list_menu_item_layout
android.support.v7.appcompat.R$layout: int abc_list_menu_item_radio
android.support.v7.appcompat.R$layout: int abc_popup_menu_item_layout
android.support.v7.appcompat.R$layout: int abc_screen_content_include
android.support.v7.appcompat.R$layout: int abc_screen_simple
android.support.v7.appcompat.R$layout: int abc_screen_simple_overlay_action_mode
android.support.v7.appcompat.R$layout: int abc_screen_toolbar
android.support.v7.appcompat.R$layout: int abc_search_dropdown_item_icons_2line
android.support.v7.appcompat.R$string: int abc_action_bar_home_description
android.support.v7.appcompat.R$string: int abc_action_bar_home_description_format
android.support.v7.appcompat.R$string: int abc_action_bar_home_subtitle_description_format
android.support.v7.appcompat.R$string: int abc_action_bar_up_description
android.support.v7.appcompat.R$string: int abc_action_menu_overflow_description
android.support.v7.appcompat.R$string: int abc_action_mode_done
android.support.v7.appcompat.R$string: int abc_activity_chooser_view_see_all
android.support.v7.appcompat.R$string: int abc_activitychooserview_choose_application
android.support.v7.appcompat.R$string: int abc_searchview_description_clear
android.support.v7.appcompat.R$string: int abc_searchview_description_query
android.support.v7.appcompat.R$string: int abc_searchview_description_search
android.support.v7.appcompat.R$string: int abc_searchview_description_submit
android.support.v7.appcompat.R$string: int abc_searchview_description_voice
android.support.v7.appcompat.R$string: int abc_shareactionprovider_share_with
android.support.v7.appcompat.R$string: int abc_shareactionprovider_share_with_application