proguardVersioning/Archive/Build 77 version 1.7 alpha #2/mapping.txt
android.support.v4.view.VelocityTrackerCompat$VelocityTrackerVersionImpl -> android.support.v4.view.as:
    float getXVelocity(android.view.VelocityTracker,int) -> a
    float getYVelocity(android.view.VelocityTracker,int) -> b
android.support.v4.view.VelocityTrackerCompatHoneycomb -> android.support.v4.view.at:
    float getXVelocity(android.view.VelocityTracker,int) -> a
    float getYVelocity(android.view.VelocityTracker,int) -> b
android.support.v4.view.ViewCompat -> android.support.v4.view.au:
    android.support.v4.view.ViewCompat$ViewCompatImpl IMPL -> a
    boolean canScrollHorizontally(android.view.View,int) -> a
    int getOverScrollMode(android.view.View) -> a
    void setAccessibilityDelegate(android.view.View,android.support.v4.view.AccessibilityDelegateCompat) -> a
    void postInvalidateOnAnimation(android.view.View) -> b
    void postInvalidateOnAnimation(android.view.View,int,int,int,int) -> a
    void postOnAnimation(android.view.View,java.lang.Runnable) -> a
    void postOnAnimationDelayed(android.view.View,java.lang.Runnable,long) -> a
    void setImportantForAccessibility(android.view.View,int) -> b
    void setLayerType(android.view.View,int,android.graphics.Paint) -> a
    int getLayerType(android.view.View) -> c
    void setLayerPaint(android.view.View,android.graphics.Paint) -> a
    int getLayoutDirection(android.view.View) -> d
    boolean isOpaque(android.view.View) -> e
    int resolveSizeAndState(int,int,int) -> a
    int getMeasuredState(android.view.View) -> f
    float getTranslationY(android.view.View) -> g
    int getMinimumHeight(android.view.View) -> h
    android.support.v4.view.ViewPropertyAnimatorCompat animate(android.view.View) -> i
    void setTranslationX(android.view.View,float) -> a
    void setTranslationY(android.view.View,float) -> b
    void setAlpha(android.view.View,float) -> c
    void setScaleY(android.view.View,float) -> d
android.support.v4.view.ViewCompat$Api21ViewCompatImpl -> android.support.v4.view.av:
    void requestApplyInsets(android.view.View) -> a
    void setElevation(android.view.View,float) -> a
    void setOnApplyWindowInsetsListener(android.view.View,android.support.v4.view.OnApplyWindowInsetsListener) -> a
android.support.v4.view.ViewCompat$BaseViewCompatImpl -> android.support.v4.view.aw:
    java.util.WeakHashMap mViewPropertyAnimatorCompatMap -> a
    boolean canScrollHorizontally(android.view.View,int) -> a
    int getOverScrollMode(android.view.View) -> b
    void setAccessibilityDelegate(android.view.View,android.support.v4.view.AccessibilityDelegateCompat) -> a
    void postInvalidateOnAnimation(android.view.View) -> c
    void postInvalidateOnAnimation(android.view.View,int,int,int,int) -> a
    void postOnAnimation(android.view.View,java.lang.Runnable) -> a
    void postOnAnimationDelayed(android.view.View,java.lang.Runnable,long) -> a
    long getFrameTime() -> a
    void setImportantForAccessibility(android.view.View,int) -> b
    void setLayerType(android.view.View,int,android.graphics.Paint) -> a
    int getLayerType(android.view.View) -> d
    void setLayerPaint(android.view.View,android.graphics.Paint) -> a
    int getLayoutDirection(android.view.View) -> e
    boolean isOpaque(android.view.View) -> f
    int resolveSizeAndState(int,int,int) -> a
    int getMeasuredState(android.view.View) -> g
    float getTranslationY(android.view.View) -> h
    int getMinimumHeight(android.view.View) -> i
    android.support.v4.view.ViewPropertyAnimatorCompat animate(android.view.View) -> j
    void setTranslationX(android.view.View,float) -> b
    void setTranslationY(android.view.View,float) -> c
    void setAlpha(android.view.View,float) -> d
android.support.v4.view.ViewCompat$EclairMr1ViewCompatImpl -> android.support.v4.view.ax:
    boolean isOpaque(android.view.View) -> f
android.support.v4.view.ViewCompat$GBViewCompatImpl -> android.support.v4.view.ay:
    int getOverScrollMode(android.view.View) -> b