proguardVersioning/Archive/Build 77 version 1.7 alpha #2/usage.txt
com.google.ads.AdRequest
com.google.ads.AdRequest$ErrorCode
com.google.ads.AdRequest$Gender
com.google.ads.AdSize
com.google.ads.mediation.EmptyNetworkExtras
com.google.ads.mediation.MediationAdRequest
com.google.ads.mediation.MediationAdapter
com.google.ads.mediation.MediationBannerAdapter
com.google.ads.mediation.MediationBannerListener
com.google.ads.mediation.MediationInterstitialAdapter
com.google.ads.mediation.MediationInterstitialListener
com.google.ads.mediation.MediationServerParameters
com.google.ads.mediation.MediationServerParameters$MappingException
com.google.ads.mediation.MediationServerParameters$Parameter
com.google.ads.mediation.NetworkExtras
com.google.ads.mediation.admob.AdMobAdapter
com.google.ads.mediation.admob.AdMobAdapter$a
com.google.ads.mediation.admob.AdMobAdapter$b
com.google.ads.mediation.customevent.CustomEvent
com.google.ads.mediation.customevent.CustomEventAdapter
com.google.ads.mediation.customevent.CustomEventAdapter$a
com.google.ads.mediation.customevent.CustomEventAdapter$b
com.google.ads.mediation.customevent.CustomEventBanner
com.google.ads.mediation.customevent.CustomEventBannerListener
com.google.ads.mediation.customevent.CustomEventInterstitial
com.google.ads.mediation.customevent.CustomEventInterstitialListener
com.google.ads.mediation.customevent.CustomEventListener
com.google.ads.mediation.customevent.CustomEventServerParameters
com.google.android.gms.R
com.google.android.gms.R$attr
com.google.android.gms.R$color
com.google.android.gms.R$drawable
com.google.android.gms.R$id
com.google.android.gms.R$integer
com.google.android.gms.R$string
com.google.android.gms.R$style
com.google.android.gms.R$styleable
com.google.android.gms.actions.ReserveIntents
com.google.android.gms.actions.SearchIntents
com.google.android.gms.ads.AdActivity
com.google.android.gms.ads.AdListener
com.google.android.gms.ads.AdRequest
com.google.android.gms.ads.AdRequest$1
com.google.android.gms.ads.AdRequest$Builder
com.google.android.gms.ads.AdSize
com.google.android.gms.ads.AdView
com.google.android.gms.ads.InterstitialAd
com.google.android.gms.ads.a
com.google.android.gms.ads.doubleclick.AppEventListener
com.google.android.gms.ads.doubleclick.PublisherAdRequest
com.google.android.gms.ads.doubleclick.PublisherAdRequest$1
com.google.android.gms.ads.doubleclick.PublisherAdRequest$Builder
com.google.android.gms.ads.doubleclick.PublisherAdView
com.google.android.gms.ads.doubleclick.PublisherInterstitialAd
com.google.android.gms.ads.doubleclick.a
com.google.android.gms.ads.doubleclick.b
com.google.android.gms.ads.doubleclick.c
com.google.android.gms.ads.identifier.AdvertisingIdClient
com.google.android.gms.ads.identifier.AdvertisingIdClient$Info
com.google.android.gms.ads.mediation.MediationAdRequest
com.google.android.gms.ads.mediation.MediationAdapter
com.google.android.gms.ads.mediation.MediationBannerAdapter
com.google.android.gms.ads.mediation.MediationBannerListener
com.google.android.gms.ads.mediation.MediationInterstitialAdapter
com.google.android.gms.ads.mediation.MediationInterstitialListener
com.google.android.gms.ads.mediation.NetworkExtras
com.google.android.gms.ads.mediation.admob.AdMobExtras
com.google.android.gms.ads.mediation.customevent.CustomEvent
com.google.android.gms.ads.mediation.customevent.CustomEventAdapter
com.google.android.gms.ads.mediation.customevent.CustomEventAdapter$a
com.google.android.gms.ads.mediation.customevent.CustomEventAdapter$b
com.google.android.gms.ads.mediation.customevent.CustomEventBanner
com.google.android.gms.ads.mediation.customevent.CustomEventBannerListener
com.google.android.gms.ads.mediation.customevent.CustomEventExtras
com.google.android.gms.ads.mediation.customevent.CustomEventInterstitial
com.google.android.gms.ads.mediation.customevent.CustomEventInterstitialListener
com.google.android.gms.ads.mediation.customevent.CustomEventListener
com.google.android.gms.ads.purchase.InAppPurchase
com.google.android.gms.ads.purchase.InAppPurchaseActivity